TN:
SF:controllers/authController.js
FN:19,register
FN:46,login
FN:80,uploads3
FNF:3
FNH:3
FNDA:2,register
FNDA:4,login
FNDA:3,uploads3
DA:1,1
DA:2,1
DA:3,1
DA:4,1
DA:5,1
DA:6,1
DA:7,1
DA:8,1
DA:9,1
DA:10,1
DA:11,1
DA:12,1
DA:13,1
DA:14,1
DA:15,1
DA:16,1
DA:17,1
DA:18,1
DA:19,1
DA:20,2
DA:21,2
DA:22,2
DA:23,2
DA:24,2
DA:25,2
DA:26,2
DA:27,2
DA:28,2
DA:29,2
DA:30,2
DA:31,2
DA:32,2
DA:33,2
DA:34,2
DA:35,1
DA:36,1
DA:37,1
DA:38,1
DA:39,1
DA:40,1
DA:41,1
DA:42,2
DA:43,2
DA:44,1
DA:45,1
DA:46,1
DA:47,4
DA:48,4
DA:49,3
DA:50,4
DA:51,2
DA:52,2
DA:53,2
DA:54,2
DA:55,4
DA:56,1
DA:57,1
DA:58,1
DA:59,1
DA:60,1
DA:61,1
DA:62,1
DA:63,1
DA:64,1
DA:65,1
DA:66,1
DA:67,1
DA:68,1
DA:69,1
DA:70,1
DA:71,1
DA:72,1
DA:73,1
DA:74,4
DA:75,1
DA:76,1
DA:77,1
DA:78,1
DA:79,1
DA:80,1
DA:81,3
DA:82,3
DA:83,3
DA:84,3
DA:85,3
DA:86,1
DA:87,1
DA:88,2
DA:89,2
DA:90,2
DA:91,2
DA:92,2
DA:93,2
DA:94,2
DA:95,2
DA:96,2
DA:97,2
DA:98,2
DA:99,2
DA:100,2
DA:101,2
DA:102,2
DA:103,2
DA:104,2
DA:105,2
DA:106,2
DA:107,2
DA:108,2
DA:109,1
DA:110,1
DA:111,1
DA:112,1
DA:113,3
DA:114,2
DA:115,2
DA:116,3
DA:117,3
DA:118,1
LF:118
LH:118
BRDA:1,0,0,1
BRDA:19,1,0,2
BRDA:35,2,0,1
BRDA:46,3,0,4
BRDA:49,4,0,3
BRDA:50,5,0,1
BRDA:51,6,0,2
BRDA:55,7,0,1
BRDA:80,8,0,3
BRDA:85,9,0,1
BRDA:88,10,0,2
BRDA:109,11,0,1
BRDA:113,12,0,2
BRF:13
BRH:13
end_of_record
TN:
SF:controllers/hotelController.js
FN:4,createHotel
FN:15,updateHotel
FN:30,deleteHotel
FN:61,getHotel
FN:95,getHotels
FN:155,countByCity
FN:170,countByType
FN:193,findFeatured
FN:202,getHotelRoom
FN:220,uploads3
FN:274,deleteFromS3Array
FNF:11
FNH:10
FNDA:2,createHotel
FNDA:2,updateHotel
FNDA:3,deleteHotel
FNDA:2,getHotel
FNDA:1,getHotels
FNDA:2,countByCity
FNDA:2,countByType
FNDA:0,findFeatured
FNDA:2,getHotelRoom
FNDA:3,uploads3
FNDA:2,deleteFromS3Array
DA:1,1
DA:2,1
DA:3,1
DA:4,1
DA:5,2
DA:6,2
DA:7,2
DA:8,2
DA:9,1
DA:10,1
DA:11,1
DA:12,1
DA:13,1
DA:14,1
DA:15,1
DA:16,2
DA:17,2
DA:18,2
DA:19,2
DA:20,2
DA:21,2
DA:22,1
DA:23,1
DA:24,1
DA:25,1
DA:26,1
DA:27,1
DA:28,1
DA:29,1
DA:30,1
DA:31,3
DA:32,3
DA:33,3
DA:34,2
DA:35,3
DA:36,1
DA:37,1
DA:38,1
DA:39,1
DA:40,1
DA:41,1
DA:42,1
DA:43,1
DA:44,1
DA:45,1
DA:46,1
DA:47,1
DA:48,1
DA:49,1
DA:50,1
DA:51,1
DA:52,1
DA:53,1
DA:54,1
DA:55,1
DA:56,1
DA:57,1
DA:58,1
DA:59,1
DA:60,1
DA:61,1
DA:62,2
DA:63,2
DA:64,1
DA:65,1
DA:66,1
DA:67,1
DA:68,1
DA:69,1
DA:70,1
DA:71,1
DA:72,1
DA:73,1
DA:74,1
DA:75,1
DA:76,1
DA:77,1
DA:78,1
DA:79,1
DA:80,1
DA:81,1
DA:82,1
DA:83,1
DA:84,1
DA:85,1
DA:86,1
DA:87,1
DA:88,1
DA:89,1
DA:90,1
DA:91,1
DA:92,1
DA:93,1
DA:94,1
DA:95,1
DA:96,1
DA:97,1
DA:98,1
DA:99,1
DA:100,1
DA:101,1
DA:102,1
DA:103,0
DA:104,0
DA:105,0
DA:106,0
DA:107,0
DA:108,1
DA:109,1
DA:110,1
DA:111,0
DA:112,0
DA:113,0
DA:114,1
DA:115,1
DA:116,1
DA:117,1
DA:118,1
DA:119,1
DA:120,1
DA:121,1
DA:122,0
DA:123,0
DA:124,1
DA:125,1
DA:126,0
DA:127,0
DA:128,0
DA:129,1
DA:130,1
DA:131,1
DA:132,1
DA:133,1
DA:134,1
DA:135,1
DA:136,1
DA:137,1
DA:138,1
DA:139,1
DA:140,1
DA:141,1
DA:142,1
DA:143,1
DA:144,1
DA:145,1
DA:146,1
DA:147,1
DA:148,1
DA:149,1
DA:150,1
DA:151,1
DA:152,1
DA:153,1
DA:154,1
DA:155,1
DA:156,2
DA:157,2
DA:158,2
DA:159,6
DA:160,2
DA:161,2
DA:162,2
DA:163,2
DA:164,1
DA:165,1
DA:166,1
DA:167,1
DA:168,1
DA:169,1
DA:170,1
DA:171,2
DA:172,2
DA:173,1
DA:174,1
DA:175,1
DA:176,1
DA:177,1
DA:178,1
DA:179,1
DA:180,1
DA:181,1
DA:182,1
DA:183,1
DA:184,1
DA:185,1
DA:186,1
DA:187,1
DA:188,1
DA:189,1
DA:190,1
DA:191,1
DA:192,1
DA:193,1
DA:194,0
DA:195,0
DA:196,0
DA:197,1
DA:198,1
DA:199,1
DA:200,1
DA:201,1
DA:202,1
DA:203,2
DA:204,2
DA:205,1
DA:206,1
DA:207,1
DA:208,3
DA:209,1
DA:210,1
DA:211,1
DA:212,1
DA:213,1
DA:214,1
DA:215,1
DA:216,1
DA:217,1
DA:218,1
DA:219,1
DA:220,1
DA:221,3
DA:222,3
DA:223,3
DA:224,3
DA:225,1
DA:226,1
DA:227,2
DA:228,2
DA:229,2
DA:230,2
DA:231,2
DA:232,2
DA:233,2
DA:234,2
DA:235,2
DA:236,2
DA:237,2
DA:238,2
DA:239,2
DA:240,2
DA:241,2
DA:242,2
DA:243,2
DA:244,2
DA:245,2
DA:246,2
DA:247,2
DA:248,2
DA:249,2
DA:250,2
DA:251,2
DA:252,2
DA:253,1
DA:254,1
DA:255,1
DA:256,1
DA:257,1
DA:258,1
DA:259,3
DA:260,2
DA:261,2
DA:262,1
DA:263,1
DA:264,1
DA:265,1
DA:266,1
DA:267,1
DA:268,1
DA:269,1
DA:270,1
DA:271,1
DA:272,1
DA:273,1
DA:274,1
DA:275,2
DA:276,2
DA:277,2
DA:278,2
DA:279,2
DA:280,2
DA:281,2
DA:282,2
DA:283,2
DA:284,2
DA:285,2
DA:286,2
DA:287,3
DA:288,3
DA:289,3
DA:290,3
DA:291,3
DA:292,3
DA:293,3
DA:294,1
DA:295,1
DA:296,1
DA:297,1
DA:298,1
DA:299,1
DA:300,1
LF:300
LH:284
BRDA:1,0,0,1
BRDA:4,1,0,2
BRDA:9,2,0,1
BRDA:15,3,0,2
BRDA:22,4,0,1
BRDA:30,5,0,3
BRDA:34,6,0,2
BRDA:35,7,0,1
BRDA:61,8,0,2
BRDA:64,9,0,1
BRDA:95,10,0,1
BRDA:102,11,0,0
BRDA:110,12,0,0
BRDA:121,13,0,0
BRDA:126,14,0,0
BRDA:155,15,0,2
BRDA:164,16,0,1
BRDA:158,17,0,6
BRDA:170,18,0,2
BRDA:173,19,0,1
BRDA:202,20,0,2
BRDA:205,21,0,1
BRDA:207,22,0,3
BRDA:220,23,0,3
BRDA:224,24,0,2
BRDA:224,25,0,1
BRDA:227,26,0,2
BRDA:253,27,0,1
BRDA:257,28,0,1
BRDA:259,29,0,2
BRDA:274,30,0,2
BRDA:286,31,0,3
BRDA:294,32,0,1
BRF:33
BRH:29
end_of_record
TN:
SF:controllers/roomController.js
FN:6,createRoom
FN:25,updateRoom
FN:37,updateRoomAvailability
FN:52,deleteRoom
FN:68,getRoom
FN:76,getRooms
FNF:6
FNH:6
FNDA:2,createRoom
FNDA:2,updateRoom
FNDA:2,updateRoomAvailability
FNDA:2,deleteRoom
FNDA:2,getRoom
FNDA:2,getRooms
DA:1,1
DA:2,1
DA:3,1
DA:4,1
DA:5,1
DA:6,1
DA:7,2
DA:8,2
DA:9,2
DA:10,2
DA:11,2
DA:12,1
DA:13,1
DA:14,1
DA:15,1
DA:16,2
DA:17,0
DA:18,0
DA:19,1
DA:20,1
DA:21,1
DA:22,1
DA:23,1
DA:24,1
DA:25,1
DA:26,2
DA:27,2
DA:28,2
DA:29,2
DA:30,2
DA:31,2
DA:32,1
DA:33,1
DA:34,1
DA:35,1
DA:36,1
DA:37,1
DA:38,2
DA:39,2
DA:40,2
DA:41,2
DA:42,2
DA:43,2
DA:44,2
DA:45,2
DA:46,2
DA:47,1
DA:48,1
DA:49,1
DA:50,1
DA:51,1
DA:52,1
DA:53,2
DA:54,2
DA:55,2
DA:56,1
DA:57,1
DA:58,1
DA:59,1
DA:60,2
DA:61,0
DA:62,0
DA:63,1
DA:64,1
DA:65,1
DA:66,1
DA:67,1
DA:68,1
DA:69,2
DA:70,2
DA:71,1
DA:72,1
DA:73,1
DA:74,1
DA:75,1
DA:76,1
DA:77,2
DA:78,2
DA:79,1
DA:80,1
DA:81,1
DA:82,1
DA:83,1
LF:83
LH:79
BRDA:2,0,0,1
BRDA:6,1,0,2
BRDA:12,2,0,1
BRDA:16,3,0,0
BRDA:19,4,0,1
BRDA:25,5,0,2
BRDA:32,6,0,1
BRDA:37,7,0,2
BRDA:47,8,0,1
BRDA:52,9,0,2
BRDA:56,10,0,1
BRDA:60,11,0,0
BRDA:63,12,0,1
BRDA:68,13,0,2
BRDA:71,14,0,1
BRDA:76,15,0,2
BRDA:79,16,0,1
BRF:17
BRH:15
end_of_record
TN:
SF:controllers/userController.js
FN:3,updateUser
FN:18,deleteUser
FN:52,getUser
FN:60,getUsers
FN:73,deleteFromS3
FNF:5
FNH:5
FNDA:2,updateUser
FNDA:3,deleteUser
FNDA:2,getUser
FNDA:2,getUsers
FNDA:2,deleteFromS3
DA:1,1
DA:2,1
DA:3,1
DA:4,2
DA:5,2
DA:6,2
DA:7,2
DA:8,2
DA:9,2
DA:10,1
DA:11,1
DA:12,1
DA:13,1
DA:14,2
DA:15,1
DA:16,1
DA:17,1
DA:18,1
DA:19,3
DA:20,3
DA:21,3
DA:22,3
DA:23,3
DA:24,1
DA:25,1
DA:26,2
DA:27,2
DA:28,2
DA:29,2
DA:30,2
DA:31,2
DA:32,2
DA:33,2
DA:34,2
DA:35,2
DA:36,2
DA:37,2
DA:38,2
DA:39,2
DA:40,2
DA:41,2
DA:42,2
DA:43,1
DA:44,1
DA:45,1
DA:46,1
DA:47,1
DA:48,1
DA:49,1
DA:50,1
DA:51,1
DA:52,1
DA:53,2
DA:54,2
DA:55,1
DA:56,1
DA:57,1
DA:58,1
DA:59,2
DA:60,1
DA:61,2
DA:62,2
DA:63,1
DA:64,1
DA:65,1
DA:66,1
DA:67,2
DA:68,1
DA:69,1
DA:70,1
DA:71,1
DA:72,1
DA:73,1
DA:74,2
DA:75,2
DA:76,2
DA:77,2
DA:78,2
DA:79,2
DA:80,2
DA:81,2
DA:82,2
DA:83,2
DA:84,2
DA:85,2
DA:86,2
DA:87,2
DA:88,2
DA:89,2
DA:90,2
DA:91,2
DA:92,2
DA:93,2
DA:94,2
DA:95,2
DA:96,2
DA:97,2
DA:98,2
DA:99,1
DA:100,1
DA:101,1
DA:102,1
DA:103,1
DA:104,1
DA:105,1
LF:105
LH:105
BRDA:1,0,0,1
BRDA:3,1,0,2
BRDA:10,2,0,1
BRDA:18,3,0,3
BRDA:23,4,0,1
BRDA:26,5,0,2
BRDA:43,6,0,1
BRDA:52,7,0,2
BRDA:55,8,0,1
BRDA:60,9,0,2
BRDA:63,10,0,1
BRDA:73,11,0,2
BRDA:99,12,0,1
BRF:13
BRH:13
end_of_record
